<?xml version="1.0" encoding="UTF-8"?>
<!-- Generated by org.testng.reporters.JUnitReportReporter -->
<testsuite hostname="Oussama" failures="0" tests="4" name="com.example.AppTest" time="0.084" errors="0" timestamp="2024-06-20T09:18:34 CEST" skipped="0">
  <testcase classname="com.example.AppTest" name="testHelloWorld" time="0.024"/>
  <testcase classname="com.example.AppTest" name="testRectangle" time="0.024"/>
  <testcase classname="com.example.AppTest" name="testSetterMethod" time="0.024"/>
  <testcase classname="com.example.AppTest" name="testCircle" time="0.012"/>
</testsuite> <!-- com.example.AppTest -->
